Start testing: Mar 07 19:45 UTC
----------------------------------------------------------
2/14 Testing: test_hal_interrupts
2/14 Test: test_hal_interrupts
Command: "/app/build-tests/test_hal_interrupts"
Directory: /app/build-tests
"test_hal_interrupts" start time: Mar 07 19:45 UTC
Output:
----------------------------------------------------------
[TEST] Running HAL Interrupt Common Tests...
[TEST] HAL Interrupt Common Tests Passed.
<end of output>
Test time =   0.00 sec
----------------------------------------------------------
Test Passed.
"test_hal_interrupts" end time: Mar 07 19:45 UTC
"test_hal_interrupts" time elapsed: 00:00:00
----------------------------------------------------------

End testing: Mar 07 19:45 UTC
