Start testing: Mar 07 20:03 UTC
----------------------------------------------------------
1/15 Testing: test_panic
1/15 Test: test_panic
Command: "/app/build-tests/test_panic"
Directory: /app/build-tests
"test_panic" start time: Mar 07 20:03 UTC
Output:
----------------------------------------------------------
[TEST] Running Panic Handler Tests...
[TEST] Panic correctly halted/rebooted execution and dumped state.
[TEST] Panic Handler Tests Passed.
<end of output>
Test time =   0.00 sec
----------------------------------------------------------
Test Passed.
"test_panic" end time: Mar 07 20:03 UTC
"test_panic" time elapsed: 00:00:00
----------------------------------------------------------

End testing: Mar 07 20:03 UTC
